<?xml version="1.0" encoding="UTF-8"?>
<testng-results ignored="0" total="2" passed="2" failed="0" skipped="0">
  <reporter-output>
  </reporter-output>
  <suite started-at="2020-07-03T22:48:23 EDT" name="Default suite" finished-at="2020-07-03T22:48:45 EDT" duration-ms="21627">
    <groups>
    </groups>
    <test started-at="2020-07-03T22:48:23 EDT" name="Default test" finished-at="2020-07-03T22:48:45 EDT" duration-ms="21627">
      <class name="june30PraBAMTS.DragandDrop">
        <test-method is-config="true" signature="oprnBrowser()[pri:0, instance:june30PraBAMTS.DragandDrop@13c10b87]" started-at="2020-07-03T22:48:23 EDT" name="oprnBrowser" finished-at="2020-07-03T22:48:33 EDT" duration-ms="9313" status="PASS">
          <reporter-output>
          </reporter-output>
        </test-method> <!-- oprnBrowser -->
        <test-method signature="AccTest()[pri:1, instance:june30PraBAMTS.DragandDrop@13c10b87]" started-at="2020-07-03T22:48:33 EDT" name="AccTest" finished-at="2020-07-03T22:48:33 EDT" duration-ms="100" status="PASS">
          <reporter-output>
          </reporter-output>
        </test-method> <!-- AccTest -->
        <test-method is-config="true" signature="closebrowser()[pri:0, instance:june30PraBAMTS.DragandDrop@13c10b87]" started-at="2020-07-03T22:48:33 EDT" name="closebrowser" finished-at="2020-07-03T22:48:33 EDT" duration-ms="97" status="PASS">
          <reporter-output>
          </reporter-output>
        </test-method> <!-- closebrowser -->
        <test-method is-config="true" signature="oprnBrowser()[pri:0, instance:june30PraBAMTS.DragandDrop@13c10b87]" started-at="2020-07-03T22:48:33 EDT" name="oprnBrowser" finished-at="2020-07-03T22:48:41 EDT" duration-ms="8352" status="PASS">
          <reporter-output>
          </reporter-output>
        </test-method> <!-- oprnBrowser -->
        <test-method signature="dragAnddrop()[pri:2, instance:june30PraBAMTS.DragandDrop@13c10b87]" started-at="2020-07-03T22:48:41 EDT" name="dragAnddrop" finished-at="2020-07-03T22:48:45 EDT" duration-ms="3581" status="PASS">
          <reporter-output>
          </reporter-output>
        </test-method> <!-- dragAnddrop -->
        <test-method is-config="true" signature="closebrowser()[pri:0, instance:june30PraBAMTS.DragandDrop@13c10b87]" started-at="2020-07-03T22:48:45 EDT" name="closebrowser" finished-at="2020-07-03T22:48:45 EDT" duration-ms="112" status="PASS">
          <reporter-output>
          </reporter-output>
        </test-method> <!-- closebrowser -->
      </class> <!-- june30PraBAMTS.DragandDrop -->
    </test> <!-- Default test -->
  </suite> <!-- Default suite -->
</testng-results>
